[DEBUG|66] 2020-09-18 17:40:41,783 > Login 버튼 클릭
[DEBUG|66] 2020-09-18 17:40:59,495 > Login 버튼 클릭
[INFO|71] 2020-09-18 17:41:03,391 > 로그인 성공
[DEBUG|77] 2020-09-18 17:41:03,392 > 계좌번호: 
[DEBUG|110] 2020-09-18 17:41:03,623 > receive_condition_var bRet: 1
[DEBUG|111] 2020-09-18 17:41:03,623 > receive_condition_var sMsg: [OK] 사용자 조건검색식 읽기
[INFO|116] 2020-09-18 17:41:03,625 > conditionNameListArray:['000^ULPTrading']
[INFO|105] 2020-09-18 17:41:17,666 > 로그인 실패
[DEBUG|75] 2020-09-18 17:42:19,197 > Login 버튼 클릭
[INFO|105] 2020-09-18 17:42:23,460 > 로그인 성공
[DEBUG|111] 2020-09-18 17:42:23,462 > 계좌번호: 8144576011
[DEBUG|144] 2020-09-18 17:42:23,690 > receive_condition_var bRet: 1
[DEBUG|145] 2020-09-18 17:42:23,690 > receive_condition_var sMsg: [OK] 사용자 조건검색식 읽기
[INFO|150] 2020-09-18 17:42:23,693 > conditionNameListArray:['000^ULPTrading']
[DEBUG|79] 2020-09-18 17:43:24,103 > 거래시작 버튼 클릭
[DEBUG|79] 2020-09-18 17:43:33,238 > 거래시작 버튼 클릭
[DEBUG|87] 2020-09-18 17:43:33,238 > 투입금(globalPrice): 10000
[DEBUG|95] 2020-09-18 17:43:33,238 > 예수금상세현황요청 시작
[DEBUG|79] 2020-09-18 17:43:35,015 > 거래시작 버튼 클릭
[DEBUG|87] 2020-09-18 17:43:35,015 > 투입금(globalPrice): 10000
[DEBUG|95] 2020-09-18 17:43:35,015 > 예수금상세현황요청 시작
[INFO|173] 2020-09-18 17:44:33,270 > OnReceiveMsg sScrNo: , sRQName: , sTrCode: , sMsg:  -1:응답이 지연되고 있습니다
[DEBUG|79] 2020-09-18 17:46:16,162 > Login 버튼 클릭
[INFO|109] 2020-09-18 17:46:20,586 > 로그인 성공
[DEBUG|115] 2020-09-18 17:46:20,587 > 계좌번호: 8144576011
[DEBUG|148] 2020-09-18 17:46:20,823 > receive_condition_var bRet: 1
[DEBUG|149] 2020-09-18 17:46:20,823 > receive_condition_var sMsg: [OK] 사용자 조건검색식 읽기
[INFO|154] 2020-09-18 17:46:20,826 > conditionNameListArray:['000^ULPTrading']
[DEBUG|83] 2020-09-18 17:46:42,345 > 거래시작 버튼 클릭
[DEBUG|83] 2020-09-18 17:46:45,467 > 거래시작 버튼 클릭
[DEBUG|91] 2020-09-18 17:46:45,467 > 투입금(globalPrice): 10000
[DEBUG|99] 2020-09-18 17:46:45,468 > 예수금상세현황요청 시작
[INFO|220] 2020-09-18 17:46:45,492 > OnReceiveMsg sScrNo: 0102, sRQName: opw00001_req, sTrCode: opw00001, sMsg: [00Z310] 모의투자 조회가 완료되었습니다
[DEBUG|199] 2020-09-18 17:46:45,494 > D2예수금: 7,122,633
[INFO|171] 2020-09-18 17:46:45,517 > receive_tr_condition sScrNo: 0156, strCodeList: 000545;007575;013000;019170;037230;065350;, strConditionName: ULPTrading, nIndex: 0, nNext: 0
